2025-01-19 16:51:14,023 - src.chat.assistant - INFO - NordVPN Support Assistant started
2025-01-19 16:51:20,033 - src.chat.assistant - INFO - Assistant response: It looks like you've entered the command "import os." This command is typically used in Python to access operating system functionality. If you're encountering any issues or have a specific question related to using the os module in Python, please provide more details so I can assist you further.
2025-01-19 16:51:21,461 - src.chat.assistant - INFO - Assistant response: Importing the `Path` class from the `pathlib` module allows you to work with file paths in a more object-oriented way in Python. If you have any specific questions or need assistance with using the `Path` class, feel free to provide more details so I can help you further.
2025-01-19 16:51:23,410 - src.chat.assistant - INFO - Assistant response: The `from dotenv import load_dotenv` line of code is used to import the `load_dotenv` function from the `dotenv` Python module. This function is typically used to load variables from a .env file into the environment so that they can be accessed in your Python script. Make sure you have the `dotenv` module installed, as it's not part of the standard Python library. You can install it using `pip install python-dotenv`. If you encounter any specific issues or need further assistance with using `load_dotenv`, please provide more details.
2025-01-19 16:51:23,703 - src.chat.assistant - ERROR - Error occurred
Traceback (most recent call last):
  File "C:\Users\kazen\AppData\Local\pypoetry\Cache\virtualenvs\ai-labs-uEJYPt_B-py3.12\Lib\site-packages\chromadb\api\models\CollectionCommon.py", line 90, in wrapper
    return func(self, *args, **kwargs)
           ^^^^^^^^^^^^^^^^^^^^^^^^^^^
  File "C:\Users\kazen\AppData\Local\pypoetry\Cache\virtualenvs\ai-labs-uEJYPt_B-py3.12\Lib\site-packages\chromadb\api\models\CollectionCommon.py", line 301, in _validate_and_prepare_query_request
    request_embeddings = self._embed_record_set(record_set=query_records)
                         ^^^^^^^^^^^^^^^^^^^^^^^^^^^^^^^^^^^^^^^^^^^^^^^^
  File "C:\Users\kazen\AppData\Local\pypoetry\Cache\virtualenvs\ai-labs-uEJYPt_B-py3.12\Lib\site-packages\chromadb\api\models\CollectionCommon.py", line 526, in _embed_record_set
    return self._embed(input=record_set[field])  # type: ignore[literal-required]
           ^^^^^^^^^^^^^^^^^^^^^^^^^^^^^^^^^^^^
  File "C:\Users\kazen\AppData\Local\pypoetry\Cache\virtualenvs\ai-labs-uEJYPt_B-py3.12\Lib\site-packages\chromadb\api\models\CollectionCommon.py", line 539, in _embed
    return self._embedding_function(input=input)
           ^^^^^^^^^^^^^^^^^^^^^^^^^^^^^^^^^^^^^
  File "C:\Users\kazen\AppData\Local\pypoetry\Cache\virtualenvs\ai-labs-uEJYPt_B-py3.12\Lib\site-packages\chromadb\api\types.py", line 466, in __call__
    result = call(self, input)
             ^^^^^^^^^^^^^^^^^
  File "C:\Users\kazen\AppData\Local\pypoetry\Cache\virtualenvs\ai-labs-uEJYPt_B-py3.12\Lib\site-packages\chromadb\utils\embedding_functions\openai_embedding_function.py", line 113, in __call__
    embeddings = self._client.create(
                 ^^^^^^^^^^^^^^^^^^^^
  File "C:\Users\kazen\AppData\Local\pypoetry\Cache\virtualenvs\ai-labs-uEJYPt_B-py3.12\Lib\site-packages\openai\resources\embeddings.py", line 124, in create
    return self._post(
           ^^^^^^^^^^^
  File "C:\Users\kazen\AppData\Local\pypoetry\Cache\virtualenvs\ai-labs-uEJYPt_B-py3.12\Lib\site-packages\openai\_base_client.py", line 1283, in post
    return cast(ResponseT, self.request(cast_to, opts, stream=stream, stream_cls=stream_cls))
                           ^^^^^^^^^^^^^^^^^^^^^^^^^^^^^^^^^^^^^^^^^^^^^^^^^^^^^^^^^^^^^^^^^
  File "C:\Users\kazen\AppData\Local\pypoetry\Cache\virtualenvs\ai-labs-uEJYPt_B-py3.12\Lib\site-packages\openai\_base_client.py", line 960, in request
    return self._request(
           ^^^^^^^^^^^^^^
  File "C:\Users\kazen\AppData\Local\pypoetry\Cache\virtualenvs\ai-labs-uEJYPt_B-py3.12\Lib\site-packages\openai\_base_client.py", line 1064, in _request
    raise self._make_status_error_from_response(err.response) from None
openai.BadRequestError: Error code: 400 - {'error': {'message': "'$.input' is invalid. Please check the API reference: https://platform.openai.com/docs/api-reference.", 'type': 'invalid_request_error', 'param': None, 'code': None}}

During handling of the above exception, another exception occurred:

Traceback (most recent call last):
  File "C:\Users\kazen\Desktop\AI_Labs\ai_labs\src\chat\assistant.py", line 113, in main
    response = assistant.process_message(user_input, conv_state)
               ^^^^^^^^^^^^^^^^^^^^^^^^^^^^^^^^^^^^^^^^^^^^^^^^^
  File "C:\Users\kazen\Desktop\AI_Labs\ai_labs\src\chat\assistant.py", line 92, in process_message
    results = self.db_client.query(user_input)
              ^^^^^^^^^^^^^^^^^^^^^^^^^^^^^^^^
  File "C:\Users\kazen\Desktop\AI_Labs\ai_labs\src\database\chroma_client.py", line 34, in query
    return self.collection.query(
           ^^^^^^^^^^^^^^^^^^^^^^
  File "C:\Users\kazen\AppData\Local\pypoetry\Cache\virtualenvs\ai-labs-uEJYPt_B-py3.12\Lib\site-packages\chromadb\api\models\Collection.py", line 211, in query
    query_request = self._validate_and_prepare_query_request(
                    ^^^^^^^^^^^^^^^^^^^^^^^^^^^^^^^^^^^^^^^^^
  File "C:\Users\kazen\AppData\Local\pypoetry\Cache\virtualenvs\ai-labs-uEJYPt_B-py3.12\Lib\site-packages\chromadb\api\models\CollectionCommon.py", line 93, in wrapper
    raise type(e)(msg).with_traceback(e.__traceback__)
          ^^^^^^^^^^^^
TypeError: APIStatusError.__init__() missing 2 required keyword-only arguments: 'response' and 'body'
2025-01-19 16:51:26,458 - src.chat.assistant - INFO - Assistant response: To load environment variables on your Windows system, you can follow these steps:
1. Click on the Windows Start menu and search for "Environment Variables."
2. In the System Properties window, click on the "Environment Variables" button.
3. In the System Variables section, locate the "Path" variable and select it.
4. Click on the "Edit" button. If the "Path" variable does not exist, click on "New" to create it.
5. In the Edit System Variable window, add the value of the "bin" folder in the OpenVPN installation location. By default, it is usually located at "C:\Program Files\OpenVPN\bin."
6. Click "OK" to save the changes.
7. Close all remaining windows by clicking "OK."

These steps should help you properly load environment variables for OpenVPN on Windows.
2025-01-19 16:51:27,873 - src.chat.assistant - INFO - Assistant response: To use the `load_dotenv()` function in Python, you need to have the `python-dotenv` library installed. This function loads variables from a `.env` file into the environment. Make sure to install the library by running `pip install python-dotenv` in your Python environment before using `load_dotenv()`.
2025-01-19 16:51:28,180 - src.chat.assistant - ERROR - Error occurred
Traceback (most recent call last):
  File "C:\Users\kazen\AppData\Local\pypoetry\Cache\virtualenvs\ai-labs-uEJYPt_B-py3.12\Lib\site-packages\chromadb\api\models\CollectionCommon.py", line 90, in wrapper
    return func(self, *args, **kwargs)
           ^^^^^^^^^^^^^^^^^^^^^^^^^^^
  File "C:\Users\kazen\AppData\Local\pypoetry\Cache\virtualenvs\ai-labs-uEJYPt_B-py3.12\Lib\site-packages\chromadb\api\models\CollectionCommon.py", line 301, in _validate_and_prepare_query_request
    request_embeddings = self._embed_record_set(record_set=query_records)
                         ^^^^^^^^^^^^^^^^^^^^^^^^^^^^^^^^^^^^^^^^^^^^^^^^
  File "C:\Users\kazen\AppData\Local\pypoetry\Cache\virtualenvs\ai-labs-uEJYPt_B-py3.12\Lib\site-packages\chromadb\api\models\CollectionCommon.py", line 526, in _embed_record_set
    return self._embed(input=record_set[field])  # type: ignore[literal-required]
           ^^^^^^^^^^^^^^^^^^^^^^^^^^^^^^^^^^^^
  File "C:\Users\kazen\AppData\Local\pypoetry\Cache\virtualenvs\ai-labs-uEJYPt_B-py3.12\Lib\site-packages\chromadb\api\models\CollectionCommon.py", line 539, in _embed
    return self._embedding_function(input=input)
           ^^^^^^^^^^^^^^^^^^^^^^^^^^^^^^^^^^^^^
  File "C:\Users\kazen\AppData\Local\pypoetry\Cache\virtualenvs\ai-labs-uEJYPt_B-py3.12\Lib\site-packages\chromadb\api\types.py", line 466, in __call__
    result = call(self, input)
             ^^^^^^^^^^^^^^^^^
  File "C:\Users\kazen\AppData\Local\pypoetry\Cache\virtualenvs\ai-labs-uEJYPt_B-py3.12\Lib\site-packages\chromadb\utils\embedding_functions\openai_embedding_function.py", line 113, in __call__
    embeddings = self._client.create(
                 ^^^^^^^^^^^^^^^^^^^^
  File "C:\Users\kazen\AppData\Local\pypoetry\Cache\virtualenvs\ai-labs-uEJYPt_B-py3.12\Lib\site-packages\openai\resources\embeddings.py", line 124, in create
    return self._post(
           ^^^^^^^^^^^
  File "C:\Users\kazen\AppData\Local\pypoetry\Cache\virtualenvs\ai-labs-uEJYPt_B-py3.12\Lib\site-packages\openai\_base_client.py", line 1283, in post
    return cast(ResponseT, self.request(cast_to, opts, stream=stream, stream_cls=stream_cls))
                           ^^^^^^^^^^^^^^^^^^^^^^^^^^^^^^^^^^^^^^^^^^^^^^^^^^^^^^^^^^^^^^^^^
  File "C:\Users\kazen\AppData\Local\pypoetry\Cache\virtualenvs\ai-labs-uEJYPt_B-py3.12\Lib\site-packages\openai\_base_client.py", line 960, in request
    return self._request(
           ^^^^^^^^^^^^^^
  File "C:\Users\kazen\AppData\Local\pypoetry\Cache\virtualenvs\ai-labs-uEJYPt_B-py3.12\Lib\site-packages\openai\_base_client.py", line 1064, in _request
    raise self._make_status_error_from_response(err.response) from None
openai.BadRequestError: Error code: 400 - {'error': {'message': "'$.input' is invalid. Please check the API reference: https://platform.openai.com/docs/api-reference.", 'type': 'invalid_request_error', 'param': None, 'code': None}}

During handling of the above exception, another exception occurred:

Traceback (most recent call last):
  File "C:\Users\kazen\Desktop\AI_Labs\ai_labs\src\chat\assistant.py", line 113, in main
    response = assistant.process_message(user_input, conv_state)
               ^^^^^^^^^^^^^^^^^^^^^^^^^^^^^^^^^^^^^^^^^^^^^^^^^
  File "C:\Users\kazen\Desktop\AI_Labs\ai_labs\src\chat\assistant.py", line 92, in process_message
    results = self.db_client.query(user_input)
              ^^^^^^^^^^^^^^^^^^^^^^^^^^^^^^^^
  File "C:\Users\kazen\Desktop\AI_Labs\ai_labs\src\database\chroma_client.py", line 34, in query
    return self.collection.query(
           ^^^^^^^^^^^^^^^^^^^^^^
  File "C:\Users\kazen\AppData\Local\pypoetry\Cache\virtualenvs\ai-labs-uEJYPt_B-py3.12\Lib\site-packages\chromadb\api\models\Collection.py", line 211, in query
    query_request = self._validate_and_prepare_query_request(
                    ^^^^^^^^^^^^^^^^^^^^^^^^^^^^^^^^^^^^^^^^^
  File "C:\Users\kazen\AppData\Local\pypoetry\Cache\virtualenvs\ai-labs-uEJYPt_B-py3.12\Lib\site-packages\chromadb\api\models\CollectionCommon.py", line 93, in wrapper
    raise type(e)(msg).with_traceback(e.__traceback__)
          ^^^^^^^^^^^^
TypeError: APIStatusError.__init__() missing 2 required keyword-only arguments: 'response' and 'body'
2025-01-19 16:51:30,779 - src.chat.assistant - INFO - Assistant response: To configure OpenAI using NordVPN, you need to ensure that the VPN connection settings align with the specific NordVPN setup you are using. 

For pfSense 2.4.4 VPN setup:
- Refer to the provided cryptographic settings, TLS configuration, and other parameters to correctly configure NordVPN on pfSense 2.4.4.

For pfSense 2.4.5 setup with NordVPN:
- Review the cryptographic settings, TLS configuration, NCP algorithms, authentication methods, and advanced configurations to set up NordVPN on pfSense 2.4.5.

For OpenWRT setup with NordVPN:
- Utilize the provided commands to set up NordVPN on OpenWRT by configuring the "openvpn" file with the specified parameters.

Ensure that you follow the exact settings and configurations provided for your specific setup to successfully integrate NordVPN with OpenAI. If you encounter any issues during the setup, feel free to ask for further assistance.
2025-01-19 16:51:33,270 - src.chat.assistant - INFO - Assistant response: The code snippet you provided is attempting to access an environment variable named "OPENAI_API_KEY" using the `os.getenv` method. 

To properly set up the OpenAI API key in your environment, you need to ensure that you have set the "OPENAI_API_KEY" environment variable with your actual API key value. 

Here's an example of how you can set an environment variable in different environments:

- **Linux/Mac**:
  You can set the environment variable in your terminal session:
  ```bash
  export OPENAI_API_KEY="your-openai-api-key"
  ```

- **Windows**:
  You can set the environment variable using Command Prompt:
  ```bash
  set OPENAI_API_KEY=your-openai-api-key
  ```

Once you have set the environment variable with your OpenAI API key, your Python code snippet should be able to access it successfully.
2025-01-19 16:51:34,867 - src.chat.assistant - INFO - Assistant response: Setting the `OPENAI_MODEL` variable to `"gpt-3.5-turbo"` indicates that you are configuring your script to use the GPT-3.5 model with turbo mode enabled from OpenAI. This model is known for its advanced natural language processing capabilities and faster response times. If you have any specific questions or need assistance with integrating this model into your code or application, feel free to ask!
2025-01-19 16:51:36,687 - src.chat.assistant - INFO - Chat session interrupted
2025-01-19 16:52:03,960 - src.chat.assistant - INFO - NordVPN Support Assistant started
2025-01-19 16:52:19,708 - src.chat.assistant - INFO - Assistant response: I'm sorry, but I am not able to provide real-time information like the current time. If you have any questions regarding NordVPN or need assistance with something else, please feel free to ask.
2025-01-19 16:52:28,813 - src.chat.assistant - INFO - Chat session interrupted
2025-01-19 16:52:45,777 - src.chat.assistant - INFO - NordVPN Support Assistant started
2025-01-19 16:52:57,073 - src.chat.assistant - INFO - Assistant response: To resolve Threat Protection Pro™ issues on macOS, first, ensure you have the correct version of NordVPN installed by downloading it from their official website. If you still can't find Threat Protection Pro™, remove the NordVPN app from your device, download the macOS version from the website, and then activate Threat Protection Pro™ by clicking on the shield icon in the NordVPN application and selecting "Turn On" in the overview tab.
2025-01-19 16:53:59,802 - src.chat.assistant - INFO - Chat session interrupted
2025-01-19 16:58:00,883 - src.chat.assistant - INFO - NordVPN Support Assistant started
2025-01-19 16:58:07,760 - src.chat.assistant - INFO - Assistant response: Hello! How can I assist you today?
2025-01-19 16:58:12,004 - src.chat.assistant - INFO - Chat session interrupted
2025-01-19 17:10:03,142 - src.chat.assistant - INFO - NordVPN Support Assistant started
2025-01-19 17:10:13,468 - src.chat.assistant - INFO - Assistant response: NordVPN is a secure gateway to private internet access. It encrypts your online activities, hides your virtual location, and protects your data from hackers, ISPs, and other prying eyes. It ensures your online privacy and security while browsing the internet.
2025-01-19 17:10:41,632 - src.chat.assistant - INFO - Assistant response: You would need NordVPN to ensure your online privacy and security. It encrypts your online activities, hides your virtual location, and protects your data from hackers, ISPs, and other prying eyes. Using NordVPN can safeguard your personal information, prevent unwanted tracking, and provide a secure gateway to private internet access.
2025-01-19 17:14:50,657 - src.chat.assistant - INFO - Chat session interrupted
2025-01-19 17:17:59,500 - src.chat.assistant - INFO - NordVPN Support Assistant started
2025-01-19 17:18:05,431 - src.chat.assistant - INFO - Chat session interrupted
